<?xml version="1.0" encoding="UTF-8"?>
<coverage generated="1654551882514" clover="3.2.0">
  <project timestamp="1654551882514" name="All files">
    <metrics statements="54" coveredstatements="54" conditionals="3" coveredconditionals="3" methods="18" coveredmethods="18" elements="75" coveredelements="75" complexity="0" loc="54" ncloc="54" packages="6" files="15" classes="15"/>
    <package name="Article">
      <metrics statements="23" coveredstatements="23" conditionals="0" coveredconditionals="0" methods="6" coveredmethods="6"/>
      <file name="AboutArticle.tsx" path="/Volumes/SSDMacMini/Romario2021/Challenges/challenge-rpalatam/src/components/Article/AboutArticle.tsx">
        <metrics statements="4" coveredstatements="4" conditionals="0" coveredconditionals="0" methods="1" coveredmethods="1"/>
        <line num="1" count="3" type="stmt"/>
        <line num="4" count="5" type="stmt"/>
        <line num="5" count="5" type="stmt"/>
        <line num="8" count="3" type="stmt"/>
      </file>
      <file name="Article.tsx" path="/Volumes/SSDMacMini/Romario2021/Challenges/challenge-rpalatam/src/components/Article/Article.tsx">
        <metrics statements="10" coveredstatements="10" conditionals="0" coveredconditionals="0" methods="2" coveredmethods="2"/>
        <line num="1" count="2" type="stmt"/>
        <line num="4" count="2" type="stmt"/>
        <line num="5" count="2" type="stmt"/>
        <line num="6" count="2" type="stmt"/>
        <line num="7" count="2" type="stmt"/>
        <line num="9" count="4" type="stmt"/>
        <line num="10" count="4" type="stmt"/>
        <line num="11" count="1" type="stmt"/>
        <line num="14" count="4" type="stmt"/>
        <line num="26" count="2" type="stmt"/>
      </file>
      <file name="TitleArticle.tsx" path="/Volumes/SSDMacMini/Romario2021/Challenges/challenge-rpalatam/src/components/Article/TitleArticle.tsx">
        <metrics statements="4" coveredstatements="4" conditionals="0" coveredconditionals="0" methods="1" coveredmethods="1"/>
        <line num="1" count="3" type="stmt"/>
        <line num="4" count="5" type="stmt"/>
        <line num="5" count="5" type="stmt"/>
        <line num="8" count="3" type="stmt"/>
      </file>
      <file name="UserArticle.tsx" path="/Volumes/SSDMacMini/Romario2021/Challenges/challenge-rpalatam/src/components/Article/UserArticle.tsx">
        <metrics statements="4" coveredstatements="4" conditionals="0" coveredconditionals="0" methods="1" coveredmethods="1"/>
        <line num="1" count="3" type="stmt"/>
        <line num="4" count="5" type="stmt"/>
        <line num="5" count="5" type="stmt"/>
        <line num="8" count="3" type="stmt"/>
      </file>
      <file name="index.tsx" path="/Volumes/SSDMacMini/Romario2021/Challenges/challenge-rpalatam/src/components/Article/index.tsx">
        <metrics statements="1" coveredstatements="1" conditionals="0" coveredconditionals="0" methods="1" coveredmethods="1"/>
        <line num="1" count="6" type="stmt"/>
      </file>
    </package>
    <package name="Button">
      <metrics statements="7" coveredstatements="7" conditionals="2" coveredconditionals="2" methods="3" coveredmethods="3"/>
      <file name="Button.tsx" path="/Volumes/SSDMacMini/Romario2021/Challenges/challenge-rpalatam/src/components/Button/Button.tsx">
        <metrics statements="6" coveredstatements="6" conditionals="2" coveredconditionals="2" methods="2" coveredmethods="2"/>
        <line num="1" count="3" type="stmt"/>
        <line num="4" count="7" type="stmt"/>
        <line num="5" count="7" type="stmt"/>
        <line num="6" count="7" type="cond" truecount="2" falsecount="0"/>
        <line num="10" count="7" type="stmt"/>
        <line num="13" count="3" type="stmt"/>
      </file>
      <file name="index.tsx" path="/Volumes/SSDMacMini/Romario2021/Challenges/challenge-rpalatam/src/components/Button/index.tsx">
        <metrics statements="1" coveredstatements="1" conditionals="0" coveredconditionals="0" methods="1" coveredmethods="1"/>
        <line num="1" count="10" type="stmt"/>
      </file>
    </package>
    <package name="Input">
      <metrics statements="5" coveredstatements="5" conditionals="0" coveredconditionals="0" methods="2" coveredmethods="2"/>
      <file name="Input.tsx" path="/Volumes/SSDMacMini/Romario2021/Challenges/challenge-rpalatam/src/components/Input/Input.tsx">
        <metrics statements="4" coveredstatements="4" conditionals="0" coveredconditionals="0" methods="1" coveredmethods="1"/>
        <line num="1" count="1" type="stmt"/>
        <line num="4" count="2" type="stmt"/>
        <line num="5" count="2" type="stmt"/>
        <line num="17" count="1" type="stmt"/>
      </file>
      <file name="index.tsx" path="/Volumes/SSDMacMini/Romario2021/Challenges/challenge-rpalatam/src/components/Input/index.tsx">
        <metrics statements="1" coveredstatements="1" conditionals="0" coveredconditionals="0" methods="1" coveredmethods="1"/>
        <line num="1" count="3" type="stmt"/>
      </file>
    </package>
    <package name="ListArticle">
      <metrics statements="7" coveredstatements="7" conditionals="0" coveredconditionals="0" methods="3" coveredmethods="3"/>
      <file name="ListArticle.tsx" path="/Volumes/SSDMacMini/Romario2021/Challenges/challenge-rpalatam/src/components/ListArticle/ListArticle.tsx">
        <metrics statements="6" coveredstatements="6" conditionals="0" coveredconditionals="0" methods="2" coveredmethods="2"/>
        <line num="1" count="1" type="stmt"/>
        <line num="4" count="1" type="stmt"/>
        <line num="6" count="1" type="stmt"/>
        <line num="7" count="1" type="stmt"/>
        <line num="9" count="3" type="stmt"/>
        <line num="21" count="1" type="stmt"/>
      </file>
      <file name="index.tsx" path="/Volumes/SSDMacMini/Romario2021/Challenges/challenge-rpalatam/src/components/ListArticle/index.tsx">
        <metrics statements="1" coveredstatements="1" conditionals="0" coveredconditionals="0" methods="1" coveredmethods="1"/>
        <line num="1" count="2" type="stmt"/>
      </file>
    </package>
    <package name="Loading">
      <metrics statements="8" coveredstatements="8" conditionals="1" coveredconditionals="1" methods="2" coveredmethods="2"/>
      <file name="Loading.tsx" path="/Volumes/SSDMacMini/Romario2021/Challenges/challenge-rpalatam/src/components/Loading/Loading.tsx">
        <metrics statements="7" coveredstatements="7" conditionals="1" coveredconditionals="1" methods="1" coveredmethods="1"/>
        <line num="1" count="1" type="stmt"/>
        <line num="4" count="2" type="stmt"/>
        <line num="5" count="2" type="stmt"/>
        <line num="8" count="2" type="stmt"/>
        <line num="15" count="2" type="cond" truecount="1" falsecount="0"/>
        <line num="16" count="1" type="stmt"/>
        <line num="19" count="1" type="stmt"/>
      </file>
      <file name="index.tsx" path="/Volumes/SSDMacMini/Romario2021/Challenges/challenge-rpalatam/src/components/Loading/index.tsx">
        <metrics statements="1" coveredstatements="1" conditionals="0" coveredconditionals="0" methods="1" coveredmethods="1"/>
        <line num="1" count="3" type="stmt"/>
      </file>
    </package>
    <package name="Logo">
      <metrics statements="4" coveredstatements="4" conditionals="0" coveredconditionals="0" methods="2" coveredmethods="2"/>
      <file name="Logo.tsx" path="/Volumes/SSDMacMini/Romario2021/Challenges/challenge-rpalatam/src/components/Logo/Logo.tsx">
        <metrics statements="3" coveredstatements="3" conditionals="0" coveredconditionals="0" methods="1" coveredmethods="1"/>
        <line num="1" count="1" type="stmt"/>
        <line num="4" count="1" type="stmt"/>
        <line num="11" count="1" type="stmt"/>
      </file>
      <file name="index.tsx" path="/Volumes/SSDMacMini/Romario2021/Challenges/challenge-rpalatam/src/components/Logo/index.tsx">
        <metrics statements="1" coveredstatements="1" conditionals="0" coveredconditionals="0" methods="1" coveredmethods="1"/>
        <line num="1" count="2" type="stmt"/>
      </file>
    </package>
  </project>
</coverage>
