{"/Volumes/SSDMacMini/Romario2021/Challenges/challenge-rpalatam/src/components/Article/AboutArticle.tsx": {"path":"/Volumes/SSDMacMini/Romario2021/Challenges/challenge-rpalatam/src/components/Article/AboutArticle.tsx","statementMap":{"0":{"start":{"line":1,"column":0},"end":{"line":1,"column":26}},"1":{"start":{"line":4,"column":35},"end":{"line":4,"column":56}},"2":{"start":{"line":5,"column":2},"end":{"line":5,"column":57}},"3":{"start":{"line":8,"column":0},"end":{"line":8,"column":28}}},"fnMap":{"0":{"name":"AboutArticle","decl":{"start":{"line":4,"column":9},"end":{"line":4,"column":21}},"loc":{"start":{"line":4,"column":56},"end":{"line":6,"column":1}}}},"branchMap":{},"s":{"0":3,"1":5,"2":5,"3":3},"f":{"0":5},"b":{}}
,"/Volumes/SSDMacMini/Romario2021/Challenges/challenge-rpalatam/src/components/Article/Article.tsx": {"path":"/Volumes/SSDMacMini/Romario2021/Challenges/challenge-rpalatam/src/components/Article/Article.tsx","statementMap":{"0":{"start":{"line":1,"column":0},"end":{"line":1,"column":26}},"1":{"start":{"line":4,"column":0},"end":{"line":4,"column":35}},"2":{"start":{"line":5,"column":0},"end":{"line":5,"column":35}},"3":{"start":{"line":6,"column":0},"end":{"line":6,"column":33}},"4":{"start":{"line":7,"column":0},"end":{"line":7,"column":40}},"5":{"start":{"line":9,"column":24},"end":{"line":9,"column":26}},"6":{"start":{"line":9,"column":37},"end":{"line":9,"column":39}},"7":{"start":{"line":9,"column":43},"end":{"line":9,"column":59}},"8":{"start":{"line":10,"column":30},"end":{"line":12,"column":3}},"9":{"start":{"line":11,"column":4},"end":{"line":11,"column":38}},"10":{"start":{"line":14,"column":2},"end":{"line":23,"column":4}},"11":{"start":{"line":26,"column":0},"end":{"line":26,"column":23}}},"fnMap":{"0":{"name":"Article","decl":{"start":{"line":9,"column":9},"end":{"line":9,"column":16}},"loc":{"start":{"line":9,"column":59},"end":{"line":24,"column":1}}},"1":{"name":"(anonymous_2)","decl":{"start":{"line":10,"column":30},"end":{"line":10,"column":null}},"loc":{"start":{"line":10,"column":30},"end":{"line":12,"column":3}}}},"branchMap":{},"s":{"0":2,"1":2,"2":2,"3":2,"4":2,"5":4,"6":4,"7":4,"8":4,"9":1,"10":4,"11":2},"f":{"0":4,"1":1},"b":{}}
,"/Volumes/SSDMacMini/Romario2021/Challenges/challenge-rpalatam/src/components/Article/TitleArticle.tsx": {"path":"/Volumes/SSDMacMini/Romario2021/Challenges/challenge-rpalatam/src/components/Article/TitleArticle.tsx","statementMap":{"0":{"start":{"line":1,"column":0},"end":{"line":1,"column":26}},"1":{"start":{"line":4,"column":29},"end":{"line":4,"column":50}},"2":{"start":{"line":5,"column":2},"end":{"line":5,"column":53}},"3":{"start":{"line":8,"column":0},"end":{"line":8,"column":28}}},"fnMap":{"0":{"name":"TitleArticle","decl":{"start":{"line":4,"column":9},"end":{"line":4,"column":21}},"loc":{"start":{"line":4,"column":50},"end":{"line":6,"column":1}}}},"branchMap":{},"s":{"0":3,"1":5,"2":5,"3":3},"f":{"0":5},"b":{}}
,"/Volumes/SSDMacMini/Romario2021/Challenges/challenge-rpalatam/src/components/Article/UserArticle.tsx": {"path":"/Volumes/SSDMacMini/Romario2021/Challenges/challenge-rpalatam/src/components/Article/UserArticle.tsx","statementMap":{"0":{"start":{"line":1,"column":0},"end":{"line":1,"column":26}},"1":{"start":{"line":4,"column":27},"end":{"line":4,"column":47}},"2":{"start":{"line":5,"column":2},"end":{"line":5,"column":55}},"3":{"start":{"line":8,"column":0},"end":{"line":8,"column":27}}},"fnMap":{"0":{"name":"UserArticle","decl":{"start":{"line":4,"column":9},"end":{"line":4,"column":20}},"loc":{"start":{"line":4,"column":47},"end":{"line":6,"column":1}}}},"branchMap":{},"s":{"0":3,"1":5,"2":5,"3":3},"f":{"0":5},"b":{}}
,"/Volumes/SSDMacMini/Romario2021/Challenges/challenge-rpalatam/src/components/Article/index.tsx": {"path":"/Volumes/SSDMacMini/Romario2021/Challenges/challenge-rpalatam/src/components/Article/index.tsx","statementMap":{"0":{"start":{"line":1,"column":0},"end":{"line":1,"column":9}},"1":{"start":{"line":1,"column":9},"end":{"line":1,"column":36}}},"fnMap":{"0":{"name":"(anonymous_1)","decl":{"start":{"line":1,"column":9},"end":{"line":1,"column":16}},"loc":{"start":{"line":1,"column":9},"end":{"line":1,"column":36}}}},"branchMap":{},"s":{"0":2,"1":6},"f":{"0":4},"b":{}}
,"/Volumes/SSDMacMini/Romario2021/Challenges/challenge-rpalatam/src/components/Button/Button.tsx": {"path":"/Volumes/SSDMacMini/Romario2021/Challenges/challenge-rpalatam/src/components/Button/Button.tsx","statementMap":{"0":{"start":{"line":1,"column":0},"end":{"line":1,"column":39}},"1":{"start":{"line":4,"column":25},"end":{"line":4,"column":27}},"2":{"start":{"line":4,"column":31},"end":{"line":4,"column":33}},"3":{"start":{"line":4,"column":42},"end":{"line":4,"column":57}},"4":{"start":{"line":5,"column":21},"end":{"line":7,"column":null}},"5":{"start":{"line":6,"column":10},"end":{"line":6,"column":null}},"6":{"start":{"line":10,"column":2},"end":{"line":10,"column":74}},"7":{"start":{"line":13,"column":0},"end":{"line":13,"column":22}}},"fnMap":{"0":{"name":"Button","decl":{"start":{"line":4,"column":9},"end":{"line":4,"column":15}},"loc":{"start":{"line":4,"column":57},"end":{"line":11,"column":1}}},"1":{"name":"(anonymous_7)","decl":{"start":{"line":6,"column":4},"end":{"line":6,"column":10}},"loc":{"start":{"line":6,"column":4},"end":{"line":6,"column":11}}}},"branchMap":{"0":{"loc":{"start":{"line":6,"column":11},"end":{"line":6,"column":55}},"type":"cond-expr","locations":[{"start":{"line":6,"column":23},"end":{"line":6,"column":44}},{"start":{"line":6,"column":47},"end":{"line":6,"column":55}}]}},"s":{"0":3,"1":7,"2":7,"3":7,"4":7,"5":7,"6":7,"7":3},"f":{"0":7,"1":7},"b":{"0":[1,6]}}
,"/Volumes/SSDMacMini/Romario2021/Challenges/challenge-rpalatam/src/components/Button/index.tsx": {"path":"/Volumes/SSDMacMini/Romario2021/Challenges/challenge-rpalatam/src/components/Button/index.tsx","statementMap":{"0":{"start":{"line":1,"column":0},"end":{"line":1,"column":9}},"1":{"start":{"line":1,"column":9},"end":{"line":1,"column":35}}},"fnMap":{"0":{"name":"(anonymous_1)","decl":{"start":{"line":1,"column":9},"end":{"line":1,"column":16}},"loc":{"start":{"line":1,"column":9},"end":{"line":1,"column":35}}}},"branchMap":{},"s":{"0":3,"1":10},"f":{"0":7},"b":{}}
,"/Volumes/SSDMacMini/Romario2021/Challenges/challenge-rpalatam/src/components/Input/Input.tsx": {"path":"/Volumes/SSDMacMini/Romario2021/Challenges/challenge-rpalatam/src/components/Input/Input.tsx","statementMap":{"0":{"start":{"line":1,"column":0},"end":{"line":1,"column":26}},"1":{"start":{"line":4,"column":25},"end":{"line":4,"column":27}},"2":{"start":{"line":4,"column":32},"end":{"line":4,"column":34}},"3":{"start":{"line":4,"column":38},"end":{"line":4,"column":40}},"4":{"start":{"line":4,"column":51},"end":{"line":4,"column":65}},"5":{"start":{"line":5,"column":2},"end":{"line":14,"column":4}},"6":{"start":{"line":17,"column":0},"end":{"line":17,"column":21}}},"fnMap":{"0":{"name":"Input","decl":{"start":{"line":4,"column":9},"end":{"line":4,"column":14}},"loc":{"start":{"line":4,"column":65},"end":{"line":15,"column":1}}}},"branchMap":{},"s":{"0":1,"1":2,"2":2,"3":2,"4":2,"5":2,"6":1},"f":{"0":2},"b":{}}
,"/Volumes/SSDMacMini/Romario2021/Challenges/challenge-rpalatam/src/components/Input/index.tsx": {"path":"/Volumes/SSDMacMini/Romario2021/Challenges/challenge-rpalatam/src/components/Input/index.tsx","statementMap":{"0":{"start":{"line":1,"column":0},"end":{"line":1,"column":9}},"1":{"start":{"line":1,"column":9},"end":{"line":1,"column":34}}},"fnMap":{"0":{"name":"(anonymous_1)","decl":{"start":{"line":1,"column":9},"end":{"line":1,"column":16}},"loc":{"start":{"line":1,"column":9},"end":{"line":1,"column":34}}}},"branchMap":{},"s":{"0":1,"1":3},"f":{"0":2},"b":{}}
,"/Volumes/SSDMacMini/Romario2021/Challenges/challenge-rpalatam/src/components/ListArticle/ListArticle.tsx": {"path":"/Volumes/SSDMacMini/Romario2021/Challenges/challenge-rpalatam/src/components/ListArticle/ListArticle.tsx","statementMap":{"0":{"start":{"line":1,"column":0},"end":{"line":1,"column":26}},"1":{"start":{"line":4,"column":0},"end":{"line":4,"column":42}},"2":{"start":{"line":6,"column":31},"end":{"line":6,"column":51}},"3":{"start":{"line":7,"column":2},"end":{"line":18,"column":4}},"4":{"start":{"line":9,"column":40},"end":{"line":16,"column":8}},"5":{"start":{"line":21,"column":0},"end":{"line":21,"column":27}}},"fnMap":{"0":{"name":"ListArticle","decl":{"start":{"line":6,"column":9},"end":{"line":6,"column":20}},"loc":{"start":{"line":6,"column":51},"end":{"line":19,"column":1}}},"1":{"name":"(anonymous_2)","decl":{"start":{"line":9,"column":20},"end":{"line":9,"column":21}},"loc":{"start":{"line":9,"column":35},"end":{"line":9,"column":null}}}},"branchMap":{},"s":{"0":1,"1":1,"2":1,"3":1,"4":3,"5":1},"f":{"0":1,"1":3},"b":{}}
,"/Volumes/SSDMacMini/Romario2021/Challenges/challenge-rpalatam/src/components/ListArticle/index.tsx": {"path":"/Volumes/SSDMacMini/Romario2021/Challenges/challenge-rpalatam/src/components/ListArticle/index.tsx","statementMap":{"0":{"start":{"line":1,"column":0},"end":{"line":1,"column":9}},"1":{"start":{"line":1,"column":9},"end":{"line":1,"column":40}}},"fnMap":{"0":{"name":"(anonymous_1)","decl":{"start":{"line":1,"column":9},"end":{"line":1,"column":16}},"loc":{"start":{"line":1,"column":9},"end":{"line":1,"column":40}}}},"branchMap":{},"s":{"0":1,"1":2},"f":{"0":1},"b":{}}
,"/Volumes/SSDMacMini/Romario2021/Challenges/challenge-rpalatam/src/components/Loading/Loading.tsx": {"path":"/Volumes/SSDMacMini/Romario2021/Challenges/challenge-rpalatam/src/components/Loading/Loading.tsx","statementMap":{"0":{"start":{"line":1,"column":0},"end":{"line":1,"column":26}},"1":{"start":{"line":4,"column":23},"end":{"line":4,"column":39}},"2":{"start":{"line":5,"column":23},"end":{"line":5,"column":50}},"3":{"start":{"line":8,"column":4},"end":{"line":11,"column":null}},"4":{"start":{"line":15,"column":2},"end":{"line":15,"column":42}},"5":{"start":{"line":15,"column":23},"end":{"line":15,"column":42}},"6":{"start":{"line":16,"column":2},"end":{"line":16,"column":22}},"7":{"start":{"line":19,"column":0},"end":{"line":19,"column":23}}},"fnMap":{"0":{"name":"Loading","decl":{"start":{"line":4,"column":9},"end":{"line":4,"column":16}},"loc":{"start":{"line":4,"column":39},"end":{"line":17,"column":1}}}},"branchMap":{"0":{"loc":{"start":{"line":15,"column":2},"end":{"line":15,"column":42}},"type":"if","locations":[{"start":{"line":15,"column":2},"end":{"line":15,"column":42}}]}},"s":{"0":1,"1":2,"2":2,"3":2,"4":2,"5":1,"6":1,"7":1},"f":{"0":2},"b":{"0":[1]}}
,"/Volumes/SSDMacMini/Romario2021/Challenges/challenge-rpalatam/src/components/Loading/index.tsx": {"path":"/Volumes/SSDMacMini/Romario2021/Challenges/challenge-rpalatam/src/components/Loading/index.tsx","statementMap":{"0":{"start":{"line":1,"column":0},"end":{"line":1,"column":9}},"1":{"start":{"line":1,"column":9},"end":{"line":1,"column":36}}},"fnMap":{"0":{"name":"(anonymous_1)","decl":{"start":{"line":1,"column":9},"end":{"line":1,"column":16}},"loc":{"start":{"line":1,"column":9},"end":{"line":1,"column":36}}}},"branchMap":{},"s":{"0":1,"1":3},"f":{"0":2},"b":{}}
,"/Volumes/SSDMacMini/Romario2021/Challenges/challenge-rpalatam/src/components/Logo/Logo.tsx": {"path":"/Volumes/SSDMacMini/Romario2021/Challenges/challenge-rpalatam/src/components/Logo/Logo.tsx","statementMap":{"0":{"start":{"line":1,"column":0},"end":{"line":1,"column":26}},"1":{"start":{"line":4,"column":2},"end":{"line":8,"column":4}},"2":{"start":{"line":11,"column":0},"end":{"line":11,"column":20}}},"fnMap":{"0":{"name":"Logo","decl":{"start":{"line":3,"column":9},"end":{"line":3,"column":13}},"loc":{"start":{"line":3,"column":13},"end":{"line":9,"column":1}}}},"branchMap":{},"s":{"0":1,"1":1,"2":1},"f":{"0":1},"b":{}}
,"/Volumes/SSDMacMini/Romario2021/Challenges/challenge-rpalatam/src/components/Logo/index.tsx": {"path":"/Volumes/SSDMacMini/Romario2021/Challenges/challenge-rpalatam/src/components/Logo/index.tsx","statementMap":{"0":{"start":{"line":1,"column":0},"end":{"line":1,"column":9}},"1":{"start":{"line":1,"column":9},"end":{"line":1,"column":33}}},"fnMap":{"0":{"name":"(anonymous_1)","decl":{"start":{"line":1,"column":9},"end":{"line":1,"column":16}},"loc":{"start":{"line":1,"column":9},"end":{"line":1,"column":33}}}},"branchMap":{},"s":{"0":1,"1":2},"f":{"0":1},"b":{}}
}
