TN:
SF:src/components/Article/AboutArticle.tsx
FN:4,AboutArticle
FNF:1
FNH:1
FNDA:5,AboutArticle
DA:1,3
DA:4,5
DA:5,5
DA:8,3
LF:4
LH:4
BRF:0
BRH:0
end_of_record
TN:
SF:src/components/Article/Article.tsx
FN:9,Article
FN:10,(anonymous_2)
FNF:2
FNH:2
FNDA:4,Article
FNDA:1,(anonymous_2)
DA:1,2
DA:4,2
DA:5,2
DA:6,2
DA:7,2
DA:9,4
DA:10,4
DA:11,1
DA:14,4
DA:26,2
LF:10
LH:10
BRF:0
BRH:0
end_of_record
TN:
SF:src/components/Article/TitleArticle.tsx
FN:4,TitleArticle
FNF:1
FNH:1
FNDA:5,TitleArticle
DA:1,3
DA:4,5
DA:5,5
DA:8,3
LF:4
LH:4
BRF:0
BRH:0
end_of_record
TN:
SF:src/components/Article/UserArticle.tsx
FN:4,UserArticle
FNF:1
FNH:1
FNDA:5,UserArticle
DA:1,3
DA:4,5
DA:5,5
DA:8,3
LF:4
LH:4
BRF:0
BRH:0
end_of_record
TN:
SF:src/components/Article/index.tsx
FN:1,(anonymous_1)
FNF:1
FNH:1
FNDA:4,(anonymous_1)
DA:1,6
LF:1
LH:1
BRF:0
BRH:0
end_of_record
TN:
SF:src/components/Button/Button.tsx
FN:4,Button
FN:6,(anonymous_7)
FNF:2
FNH:2
FNDA:7,Button
FNDA:7,(anonymous_7)
DA:1,3
DA:4,7
DA:5,7
DA:6,7
DA:10,7
DA:13,3
LF:6
LH:6
BRDA:6,0,0,1
BRDA:6,0,1,6
BRF:2
BRH:2
end_of_record
TN:
SF:src/components/Button/index.tsx
FN:1,(anonymous_1)
FNF:1
FNH:1
FNDA:7,(anonymous_1)
DA:1,10
LF:1
LH:1
BRF:0
BRH:0
end_of_record
TN:
SF:src/components/Input/Input.tsx
FN:4,Input
FNF:1
FNH:1
FNDA:2,Input
DA:1,1
DA:4,2
DA:5,2
DA:17,1
LF:4
LH:4
BRF:0
BRH:0
end_of_record
TN:
SF:src/components/Input/index.tsx
FN:1,(anonymous_1)
FNF:1
FNH:1
FNDA:2,(anonymous_1)
DA:1,3
LF:1
LH:1
BRF:0
BRH:0
end_of_record
TN:
SF:src/components/ListArticle/ListArticle.tsx
FN:6,ListArticle
FN:9,(anonymous_2)
FNF:2
FNH:2
FNDA:1,ListArticle
FNDA:3,(anonymous_2)
DA:1,1
DA:4,1
DA:6,1
DA:7,1
DA:9,3
DA:21,1
LF:6
LH:6
BRF:0
BRH:0
end_of_record
TN:
SF:src/components/ListArticle/index.tsx
FN:1,(anonymous_1)
FNF:1
FNH:1
FNDA:1,(anonymous_1)
DA:1,2
LF:1
LH:1
BRF:0
BRH:0
end_of_record
TN:
SF:src/components/Loading/Loading.tsx
FN:4,Loading
FNF:1
FNH:1
FNDA:2,Loading
DA:1,1
DA:4,2
DA:5,2
DA:8,2
DA:15,2
DA:16,1
DA:19,1
LF:7
LH:7
BRDA:15,0,0,1
BRF:1
BRH:1
end_of_record
TN:
SF:src/components/Loading/index.tsx
FN:1,(anonymous_1)
FNF:1
FNH:1
FNDA:2,(anonymous_1)
DA:1,3
LF:1
LH:1
BRF:0
BRH:0
end_of_record
TN:
SF:src/components/Logo/Logo.tsx
FN:3,Logo
FNF:1
FNH:1
FNDA:1,Logo
DA:1,1
DA:4,1
DA:11,1
LF:3
LH:3
BRF:0
BRH:0
end_of_record
TN:
SF:src/components/Logo/index.tsx
FN:1,(anonymous_1)
FNF:1
FNH:1
FNDA:1,(anonymous_1)
DA:1,2
LF:1
LH:1
BRF:0
BRH:0
end_of_record
